{
  "stats": {
    "suites": 3,
    "tests": 4,
    "passes": 4,
    "pending": 0,
    "failures": 0,
    "start": "2022-04-06T16:38:06.481Z",
    "end": "2022-04-06T16:38:23.641Z",
    "duration": 17160,
    "testsRegistered": 4,
    "passPercent": 100,
    "pendingPercent": 0,
    "other": 0,
    "hasOther": false,
    "skipped": 0,
    "hasSkipped": false
  },
  "results": [
    {
      "uuid": "54df4eeb-95a1-4dff-89ab-ede32f13981d",
      "title": "",
      "fullFile": "cypress/integration/challenge.js",
      "file": "cypress/integration/challenge.js",
      "beforeHooks": [],
      "afterHooks": [],
      "tests": [],
      "suites": [
        {
          "uuid": "461000cc-60d5-4efc-a346-025b327991b2",
          "title": "SENTRYC Login",
          "fullFile": "",
          "file": "",
          "beforeHooks": [],
          "afterHooks": [],
          "tests": [
            {
              "title": "LOGIN",
              "fullTitle": "SENTRYC Login LOGIN",
              "timedOut": null,
              "duration": 14161,
              "state": "passed",
              "speed": "slow",
              "pass": true,
              "fail": false,
              "pending": false,
              "context": null,
              "code": "cy.visit(\"/\");\ncy.url().should('eq', 'https://login.sentryc.com/auth/login/');\ncy.contains('Hello!').should('be.visible');\ncy.contains('Welcome to the Sentryc.').should('be.visible');\ncy.get('input[name=email]').type('KAY@gmail.com').should('be.visible').should('have.attr', 'required');\ncy.get('input[name=password]').type('C0mputer!').should('be.visible').should('have.attr', 'required');\ncy.get('button[type=submit]').should('be.visible').should('not.be.disabled').click();\ncy.contains('Error!').should('be.visible');\ncy.contains('Error 401').should('be.visible');\ncy.wait(3000);\ncy.contains('The password field is required');\ncy.get('input[name=email]').should('have.value', 'KAY@gmail.com');\ncy.get('input[name=password]').should('be.empty');\ncy.log(\"******* Good*****\"); // if (cy.contains(\"Do you want to login here and logout\")) {\n//   cy.get(\"#forceLogin\").should(\"be.visible\").click();\n//   // cy.wait(5000);\n//   cy.log(\"******* Good*****\");\n// }",
              "err": {},
              "uuid": "e3fc7e1a-dcb7-446b-b8df-d64b212d03da",
              "parentUUID": "461000cc-60d5-4efc-a346-025b327991b2",
              "isHook": false,
              "skipped": false
            }
          ],
          "suites": [],
          "passes": [
            "e3fc7e1a-dcb7-446b-b8df-d64b212d03da"
          ],
          "failures": [],
          "pending": [],
          "skipped": [],
          "duration": 14161,
          "root": false,
          "rootEmpty": false,
          "_timeout": 2000
        },
        {
          "uuid": "ad4f6f32-cafa-48ff-9072-b35c034efb83",
          "title": "FORGOT PASSWORD",
          "fullFile": "",
          "file": "",
          "beforeHooks": [],
          "afterHooks": [],
          "tests": [
            {
              "title": "RESET PASSWORD",
              "fullTitle": "FORGOT PASSWORD RESET PASSWORD",
              "timedOut": null,
              "duration": 1720,
              "state": "passed",
              "speed": "fast",
              "pass": true,
              "fail": false,
              "pending": false,
              "context": null,
              "code": "cy.visit(\"/\");\ncy.url().should('eq', 'https://login.sentryc.com/auth/login/');\ncy.contains('Forgot password?').should('be.visible').should('have.attr', 'href');\ncy.contains('Forgot password?').click();\ncy.url().should('eq', 'https://login.sentryc.com/auth/forgot-password');\ncy.contains('Forgot password').should('be.visible');\ncy.contains('Enter your email to restore').should('be.visible');\ncy.get('input[name=email]').type('KAY@gmail.com').should('be.visible').should('have.attr', 'required');\ncy.get('button[type=submit]').should('be.visible').should('not.be.disabled').click();\ncy.contains('Back to login').should('be.visible').should('not.be.disabled').click();\ncy.url().should('eq', 'https://login.sentryc.com/auth/login');\ncy.log(\"******* Good*****\");",
              "err": {},
              "uuid": "cd165d18-a85f-4bdf-998b-f73aa9d9d5c3",
              "parentUUID": "ad4f6f32-cafa-48ff-9072-b35c034efb83",
              "isHook": false,
              "skipped": false
            }
          ],
          "suites": [],
          "passes": [
            "cd165d18-a85f-4bdf-998b-f73aa9d9d5c3"
          ],
          "failures": [],
          "pending": [],
          "skipped": [],
          "duration": 1720,
          "root": false,
          "rootEmpty": false,
          "_timeout": 2000
        },
        {
          "uuid": "7a286c81-2ea8-4c4e-9090-5fab4a83b1a0",
          "title": "SENTRYC TERMS AND CONDITIONS",
          "fullFile": "",
          "file": "",
          "beforeHooks": [],
          "afterHooks": [],
          "tests": [
            {
              "title": "SENTRYC TERMS",
              "fullTitle": "SENTRYC TERMS AND CONDITIONS SENTRYC TERMS",
              "timedOut": null,
              "duration": 598,
              "state": "passed",
              "speed": "fast",
              "pass": true,
              "fail": false,
              "pending": false,
              "context": null,
              "code": "cy.visit(\"/\");\ncy.url().should('eq', 'https://login.sentryc.com/auth/login/');\ncy.contains('Terms').should('be.visible').should('have.attr', 'href');\ncy.contains('Terms').click();\ncy.url().should('eq', 'https://login.sentryc.com/terms');\ncy.contains('Terms').should('not.be.hidden');\ncy.log(\"******* Good*****\");",
              "err": {},
              "uuid": "455add84-15e3-4444-af0b-6bb80e3aac67",
              "parentUUID": "7a286c81-2ea8-4c4e-9090-5fab4a83b1a0",
              "isHook": false,
              "skipped": false
            },
            {
              "title": "SENTRYC CONDITIONS",
              "fullTitle": "SENTRYC TERMS AND CONDITIONS SENTRYC CONDITIONS",
              "timedOut": null,
              "duration": 528,
              "state": "passed",
              "speed": "fast",
              "pass": true,
              "fail": false,
              "pending": false,
              "context": null,
              "code": "cy.visit(\"/\");\ncy.url().should('eq', 'https://login.sentryc.com/auth/login/');\ncy.contains('Conditions').should('be.visible').should('have.attr', 'href');\ncy.contains('Conditions').click();\ncy.url().should('eq', 'https://login.sentryc.com/conditions');\ncy.contains('Conditions').should('not.be.hidden');\ncy.log(\"******* Good*****\");",
              "err": {},
              "uuid": "0ba0a7bb-b8ac-4adf-a042-2b3c0c9a5435",
              "parentUUID": "7a286c81-2ea8-4c4e-9090-5fab4a83b1a0",
              "isHook": false,
              "skipped": false
            }
          ],
          "suites": [],
          "passes": [
            "455add84-15e3-4444-af0b-6bb80e3aac67",
            "0ba0a7bb-b8ac-4adf-a042-2b3c0c9a5435"
          ],
          "failures": [],
          "pending": [],
          "skipped": [],
          "duration": 1126,
          "root": false,
          "rootEmpty": false,
          "_timeout": 2000
        }
      ],
      "passes": [],
      "failures": [],
      "pending": [],
      "skipped": [],
      "duration": 0,
      "root": true,
      "rootEmpty": true,
      "_timeout": 2000
    }
  ],
  "meta": {
    "mocha": {
      "version": "7.0.1"
    },
    "mochawesome": {
      "options": {
        "quiet": false,
        "reportFilename": "mochawesome",
        "saveHtml": false,
        "saveJson": true,
        "consoleReporter": "spec",
        "useInlineDiffs": false,
        "code": true
      },
      "version": "7.1.3"
    },
    "marge": {
      "options": {
        "id": "default",
        "reportDir": "cypress/reports/mocha",
        "quite": true,
        "overwrite": false,
        "html": false,
        "json": true
      },
      "version": "6.2.0"
    }
  }
}