{
  "stats": {
    "suites": 3,
    "tests": 4,
    "passes": 4,
    "pending": 0,
    "failures": 0,
    "start": "2022-04-07T12:16:16.531Z",
    "end": "2022-04-07T12:16:40.365Z",
    "duration": 23834,
    "testsRegistered": 4,
    "passPercent": 100,
    "pendingPercent": 0,
    "other": 0,
    "hasOther": false,
    "skipped": 0,
    "hasSkipped": false
  },
  "results": [
    {
      "uuid": "b5e9c5e9-c792-4a9e-803e-b579859018f5",
      "title": "",
      "fullFile": "cypress/integration/challenge.js",
      "file": "cypress/integration/challenge.js",
      "beforeHooks": [],
      "afterHooks": [],
      "tests": [],
      "suites": [
        {
          "uuid": "71faabd2-37a5-4160-b337-b6f4468cd984",
          "title": "SENTRYC Login",
          "fullFile": "",
          "file": "",
          "beforeHooks": [],
          "afterHooks": [],
          "tests": [
            {
              "title": "LOGIN",
              "fullTitle": "SENTRYC Login LOGIN",
              "timedOut": null,
              "duration": 18634,
              "state": "passed",
              "speed": "slow",
              "pass": true,
              "fail": false,
              "pending": false,
              "context": null,
              "code": "cy.visit(\"/\");\ncy.url().should('eq', 'https://login.sentryc.com/auth/login/');\ncy.contains('Hello!').should('be.visible');\ncy.contains('Welcome to the Sentryc.').should('be.visible');\ncy.get('input[name=email]').type('KAY@gmail.com').should('be.visible').should('have.attr', 'required');\ncy.get('input[name=password]').type('C0mputer!').should('be.visible').should('have.attr', 'required');\ncy.get('button[type=submit]').should('be.visible').should('not.be.disabled').click();\ncy.contains('Error!').should('be.visible');\ncy.contains('Error 401').should('be.visible');\ncy.wait(3000);\ncy.contains('The password field is required');\ncy.get('input[name=email]').should('have.value', 'KAY@gmail.com');\ncy.get('input[name=password]').should('be.empty');\ncy.log(\"******* Good*****\"); // if (cy.contains(\"Do you want to login here and logout\")) {\n//   cy.get(\"#forceLogin\").should(\"be.visible\").click();\n//   // cy.wait(5000);\n//   cy.log(\"******* Good*****\");\n// }",
              "err": {},
              "uuid": "6fa815f5-7b54-4d5a-a2b3-4488ee376fbc",
              "parentUUID": "71faabd2-37a5-4160-b337-b6f4468cd984",
              "isHook": false,
              "skipped": false
            }
          ],
          "suites": [],
          "passes": [
            "6fa815f5-7b54-4d5a-a2b3-4488ee376fbc"
          ],
          "failures": [],
          "pending": [],
          "skipped": [],
          "duration": 18634,
          "root": false,
          "rootEmpty": false,
          "_timeout": 2000
        },
        {
          "uuid": "1936622c-2ede-4fb5-bb7f-530d0e76aea2",
          "title": "FORGOT PASSWORD",
          "fullFile": "",
          "file": "",
          "beforeHooks": [],
          "afterHooks": [],
          "tests": [
            {
              "title": "RESET PASSWORD",
              "fullTitle": "FORGOT PASSWORD RESET PASSWORD",
              "timedOut": null,
              "duration": 2058,
              "state": "passed",
              "speed": "fast",
              "pass": true,
              "fail": false,
              "pending": false,
              "context": null,
              "code": "cy.visit(\"/\");\ncy.url().should('eq', 'https://login.sentryc.com/auth/login/');\ncy.contains('Forgot password?').should('be.visible').should('have.attr', 'href');\ncy.contains('Forgot password?').click();\ncy.url().should('eq', 'https://login.sentryc.com/auth/forgot-password');\ncy.contains('Forgot password').should('be.visible');\ncy.contains('Enter your email to restore').should('be.visible');\ncy.get('input[name=email]').type('KAY@gmail.com').should('be.visible').should('have.attr', 'required');\ncy.get('button[type=submit]').should('be.visible').should('not.be.disabled').click();\ncy.contains('Back to login').should('be.visible').should('not.be.disabled').click();\ncy.url().should('eq', 'https://login.sentryc.com/auth/login');\ncy.log(\"******* Good*****\");",
              "err": {},
              "uuid": "8588ff7b-15c9-4fe8-a3bd-a52b18c6ba4c",
              "parentUUID": "1936622c-2ede-4fb5-bb7f-530d0e76aea2",
              "isHook": false,
              "skipped": false
            }
          ],
          "suites": [],
          "passes": [
            "8588ff7b-15c9-4fe8-a3bd-a52b18c6ba4c"
          ],
          "failures": [],
          "pending": [],
          "skipped": [],
          "duration": 2058,
          "root": false,
          "rootEmpty": false,
          "_timeout": 2000
        },
        {
          "uuid": "5afb890e-ee50-4336-9132-42a75e3fd9a3",
          "title": "SENTRYC TERMS AND CONDITIONS",
          "fullFile": "",
          "file": "",
          "beforeHooks": [],
          "afterHooks": [],
          "tests": [
            {
              "title": "SENTRYC TERMS",
              "fullTitle": "SENTRYC TERMS AND CONDITIONS SENTRYC TERMS",
              "timedOut": null,
              "duration": 585,
              "state": "passed",
              "speed": "fast",
              "pass": true,
              "fail": false,
              "pending": false,
              "context": null,
              "code": "cy.visit(\"/\");\ncy.url().should('eq', 'https://login.sentryc.com/auth/login/');\ncy.contains('Terms').should('be.visible').should('have.attr', 'href');\ncy.contains('Terms').click();\ncy.url().should('eq', 'https://login.sentryc.com/terms');\ncy.contains('Terms').should('not.be.hidden');\ncy.log(\"******* Good*****\");",
              "err": {},
              "uuid": "64290870-cc29-4238-a313-0bc067327a77",
              "parentUUID": "5afb890e-ee50-4336-9132-42a75e3fd9a3",
              "isHook": false,
              "skipped": false
            },
            {
              "title": "SENTRYC CONDITIONS",
              "fullTitle": "SENTRYC TERMS AND CONDITIONS SENTRYC CONDITIONS",
              "timedOut": null,
              "duration": 2464,
              "state": "passed",
              "speed": "fast",
              "pass": true,
              "fail": false,
              "pending": false,
              "context": null,
              "code": "cy.visit(\"/\");\ncy.url().should('eq', 'https://login.sentryc.com/auth/login/');\ncy.contains('Conditions').should('be.visible').should('have.attr', 'href');\ncy.contains('Conditions').click();\ncy.url().should('eq', 'https://login.sentryc.com/conditions');\ncy.contains('Conditions').should('not.be.hidden');\ncy.log(\"******* Good*****\");",
              "err": {},
              "uuid": "7afa85af-a1ef-4a2a-bb52-2c8b80c252ec",
              "parentUUID": "5afb890e-ee50-4336-9132-42a75e3fd9a3",
              "isHook": false,
              "skipped": false
            }
          ],
          "suites": [],
          "passes": [
            "64290870-cc29-4238-a313-0bc067327a77",
            "7afa85af-a1ef-4a2a-bb52-2c8b80c252ec"
          ],
          "failures": [],
          "pending": [],
          "skipped": [],
          "duration": 3049,
          "root": false,
          "rootEmpty": false,
          "_timeout": 2000
        }
      ],
      "passes": [],
      "failures": [],
      "pending": [],
      "skipped": [],
      "duration": 0,
      "root": true,
      "rootEmpty": true,
      "_timeout": 2000
    }
  ],
  "meta": {
    "mocha": {
      "version": "7.0.1"
    },
    "mochawesome": {
      "options": {
        "quiet": false,
        "reportFilename": "mochawesome",
        "saveHtml": false,
        "saveJson": true,
        "consoleReporter": "spec",
        "useInlineDiffs": false,
        "code": true
      },
      "version": "7.1.3"
    },
    "marge": {
      "options": {
        "overwrite": false,
        "html": false,
        "json": true
      },
      "version": "6.2.0"
    }
  }
}