{
  "stats": {
    "suites": 1,
    "tests": 3,
    "passes": 0,
    "pending": 0,
    "failures": 3,
    "start": "2022-04-07T21:23:51.273Z",
    "end": "2022-04-07T21:25:28.515Z",
    "duration": 97242,
    "testsRegistered": 4,
    "passPercent": 0,
    "pendingPercent": 0,
    "other": 0,
    "hasOther": false,
    "skipped": 2,
    "hasSkipped": true
  },
  "results": [
    {
      "uuid": "3a43d217-fbef-4580-95d8-d87449a89995",
      "title": "",
      "fullFile": "cypress/integration/login.feature",
      "file": "cypress/integration/login.feature",
      "beforeHooks": [],
      "afterHooks": [],
      "tests": [],
      "suites": [
        {
          "uuid": "03bdbf0b-53c5-4a8a-835c-e60786359422",
          "title": "Login Feature",
          "fullFile": "",
          "file": "",
          "beforeHooks": [],
          "afterHooks": [],
          "tests": [
            {
              "title": "Success Login",
              "fullTitle": "Login Feature Success Login",
              "timedOut": null,
              "duration": 32404,
              "state": "failed",
              "speed": null,
              "pass": false,
              "fail": true,
              "pending": false,
              "context": null,
              "code": "const state = window.testState;\nreturn cy\n  .then(() => state.onStartScenario(scenario, indexedSteps))\n  .then(() =>\n    resolveAndRunBeforeHooks.call(this, scenario.tags, state.feature.name)\n  )\n  .then(() =>\n    indexedSteps.forEach((step) =>\n      stepTest.call(this, state, step, rowData)\n    )\n  )\n  .then(() => state.onFinishScenario(scenario));",
              "err": {
                "message": "CypressError: `cy.visit()` failed trying to load:\n\nhttps://login.sentryc.com/auth/login/\n\nWe attempted to make an http request to this URL but the request failed without a response.\n\nWe received this error at the network level:\n\n  > Error: ETIMEDOUT\n\nCommon situations why this would fail:\n  - you don't have internet access\n  - you forgot to run / boot your web server\n  - your web server isn't accessible\n  - you have weird network configuration settings on your computer",
                "estack": "CypressError: `cy.visit()` failed trying to load:\n\nhttps://login.sentryc.com/auth/login/\n\nWe attempted to make an http request to this URL but the request failed without a response.\n\nWe received this error at the network level:\n\n  > Error: ETIMEDOUT\n\nCommon situations why this would fail:\n  - you don't have internet access\n  - you forgot to run / boot your web server\n  - your web server isn't accessible\n  - you have weird network configuration settings on your computer\n    at https://login.sentryc.com/__cypress/runner/cypress_runner.js:159318:82\n    at visitFailedByErr (https://login.sentryc.com/__cypress/runner/cypress_runner.js:158668:12)\n    at https://login.sentryc.com/__cypress/runner/cypress_runner.js:159317:11\n    at tryCatcher (https://login.sentryc.com/__cypress/runner/cypress_runner.js:13022:23)\n    at Promise._settlePromiseFromHandler (https://login.sentryc.com/__cypress/runner/cypress_runner.js:10957:31)\n    at Promise._settlePromise (https://login.sentryc.com/__cypress/runner/cypress_runner.js:11014:18)\n    at Promise._settlePromise0 (https://login.sentryc.com/__cypress/runner/cypress_runner.js:11059:10)\n    at Promise._settlePromises (https://login.sentryc.com/__cypress/runner/cypress_runner.js:11135:18)\n    at _drainQueueStep (https://login.sentryc.com/__cypress/runner/cypress_runner.js:7729:12)\n    at _drainQueue (https://login.sentryc.com/__cypress/runner/cypress_runner.js:7722:9)\n    at Async.../../node_modules/bluebird/js/release/async.js.Async._drainQueues (https://login.sentryc.com/__cypress/runner/cypress_runner.js:7738:5)\n    at Async.drainQueues (https://login.sentryc.com/__cypress/runner/cypress_runner.js:7608:14)\nFrom Your Spec Code:\n    at Context.eval (https://login.sentryc.com/__cypress/tests?p=cypress/integration/login.feature:42:6)\n    at Context.resolveAndRunStepDefinition (https://login.sentryc.com/__cypress/tests?p=cypress/integration/login.feature:12460:29)\n    at Context.eval (https://login.sentryc.com/__cypress/tests?p=cypress/integration/login.feature:11781:35)\n\nFrom Node.js Internals:\n  Error: ETIMEDOUT\n      at Timeout.<anonymous> (/Users/kayodeayodele/Library/Caches/Cypress/9.5.3/Cypress.app/Contents/Resources/app/node_modules/@cypress/request/request.js:840:19)\n      at listOnTimeout (node:internal/timers:557:17)\n      at processTimers (node:internal/timers:500:7)\n  ",
                "diff": null
              },
              "uuid": "ee265f8f-7d98-4263-b591-f5f8a22013f3",
              "parentUUID": "03bdbf0b-53c5-4a8a-835c-e60786359422",
              "isHook": false,
              "skipped": false
            },
            {
              "title": "Reset Password",
              "fullTitle": "Login Feature Reset Password",
              "timedOut": null,
              "duration": 4151,
              "state": "failed",
              "speed": null,
              "pass": false,
              "fail": true,
              "pending": false,
              "context": null,
              "code": "const state = window.testState;\nreturn cy\n  .then(() => state.onStartScenario(scenario, indexedSteps))\n  .then(() =>\n    resolveAndRunBeforeHooks.call(this, scenario.tags, state.feature.name)\n  )\n  .then(() =>\n    indexedSteps.forEach((step) =>\n      stepTest.call(this, state, step, rowData)\n    )\n  )\n  .then(() => state.onFinishScenario(scenario));",
              "err": {
                "message": "CypressError: Cypress command timeout of `4000ms` exceeded.\n\nBecause this error occurred during a `after each` hook we are skipping the remaining tests in the current suite: `Login Feature`",
                "estack": "CypressError: Cypress command timeout of `4000ms` exceeded.\n\nBecause this error occurred during a `after each` hook we are skipping the remaining tests in the current suite: `Login Feature`\n    at cypressErr (https://login.sentryc.com/__cypress/runner/cypress_runner.js:176361:18)\n    at Object.errByPath (https://login.sentryc.com/__cypress/runner/cypress_runner.js:176430:10)\n    at https://login.sentryc.com/__cypress/runner/cypress_runner.js:178196:80",
                "diff": null
              },
              "uuid": "570e08db-3f1a-445e-b3b8-4e20c376e389",
              "parentUUID": "03bdbf0b-53c5-4a8a-835c-e60786359422",
              "isHook": false,
              "skipped": false
            },
            {
              "title": "SENTRYC TERMS",
              "fullTitle": "Login Feature SENTRYC TERMS",
              "timedOut": null,
              "duration": 0,
              "state": "skipped",
              "speed": null,
              "pass": false,
              "fail": false,
              "pending": false,
              "context": null,
              "code": "const state = window.testState;\nreturn cy\n  .then(() => state.onStartScenario(scenario, indexedSteps))\n  .then(() =>\n    resolveAndRunBeforeHooks.call(this, scenario.tags, state.feature.name)\n  )\n  .then(() =>\n    indexedSteps.forEach((step) =>\n      stepTest.call(this, state, step, rowData)\n    )\n  )\n  .then(() => state.onFinishScenario(scenario));",
              "err": {},
              "uuid": "bfb2f000-75b7-4ebc-9afc-f3bf925cb928",
              "parentUUID": "03bdbf0b-53c5-4a8a-835c-e60786359422",
              "isHook": false,
              "skipped": true
            },
            {
              "title": "SENTRYC CONDITIONS",
              "fullTitle": "Login Feature SENTRYC CONDITIONS",
              "timedOut": null,
              "duration": 0,
              "state": "skipped",
              "speed": null,
              "pass": false,
              "fail": false,
              "pending": false,
              "context": null,
              "code": "const state = window.testState;\nreturn cy\n  .then(() => state.onStartScenario(scenario, indexedSteps))\n  .then(() =>\n    resolveAndRunBeforeHooks.call(this, scenario.tags, state.feature.name)\n  )\n  .then(() =>\n    indexedSteps.forEach((step) =>\n      stepTest.call(this, state, step, rowData)\n    )\n  )\n  .then(() => state.onFinishScenario(scenario));",
              "err": {},
              "uuid": "b3949c05-79ba-42f0-9982-c820c3346c7d",
              "parentUUID": "03bdbf0b-53c5-4a8a-835c-e60786359422",
              "isHook": false,
              "skipped": true
            }
          ],
          "suites": [],
          "passes": [],
          "failures": [
            "ee265f8f-7d98-4263-b591-f5f8a22013f3",
            "570e08db-3f1a-445e-b3b8-4e20c376e389"
          ],
          "pending": [],
          "skipped": [
            "bfb2f000-75b7-4ebc-9afc-f3bf925cb928",
            "b3949c05-79ba-42f0-9982-c820c3346c7d"
          ],
          "duration": 36555,
          "root": false,
          "rootEmpty": false,
          "_timeout": 2000
        }
      ],
      "passes": [],
      "failures": [],
      "pending": [],
      "skipped": [],
      "duration": 0,
      "root": true,
      "rootEmpty": true,
      "_timeout": 2000
    }
  ],
  "meta": {
    "mocha": {
      "version": "7.0.1"
    },
    "mochawesome": {
      "options": {
        "quiet": false,
        "reportFilename": "mochawesome",
        "saveHtml": false,
        "saveJson": true,
        "consoleReporter": "spec",
        "useInlineDiffs": false,
        "code": true
      },
      "version": "7.1.3"
    },
    "marge": {
      "options": {
        "overwrite": false,
        "html": false,
        "json": true
      },
      "version": "6.2.0"
    }
  }
}